# JRE version: OpenJDK Runtime Environment (17.0.1+12) (build 17.0.1+12-39)
# Java VM: OpenJDK 64-Bit Server VM (17.0.1+12-39, mixed mode, sharing, tiered, compressed oops, compressed class ptrs, g1 gc, windows-amd64)
GC Precious Log:
 CPUs: 4 total, 4 available
 Memory: 7959M
 Large Page Support: Disabled
 NUMA Support: Disabled
 Compressed Oops: Enabled (32-bit)
 Heap Region Size: 1M
 Heap Min Capacity: 8M
 Heap Initial Capacity: 126M
 Heap Max Capacity: 1990M
 Pre-touch: Disabled
 Parallel Workers: 4
 Concurrent Workers: 1
 Concurrent Refinement Workers: 4
 Periodic GC: Disabled
Heap:
 garbage-first heap   total 149504K, used 107837K [0x0000000083a00000, 0x0000000100000000)
  region size 1024K, 82 young (83968K), 1 survivors (1024K)
 Metaspace       used 57124K, committed 57536K, reserved 1105920K
  class space    used 7212K, committed 7424K, reserved 1048576K
GC Heap History (20 events):
Event: 921.763 GC heap before
{Heap before GC invocations=23 (full 0):
 garbage-first heap   total 149504K, used 109509K [0x0000000083a00000, 0x0000000100000000)
  region size 1024K, 87 young (89088K), 5 survivors (5120K)
 Metaspace       used 57091K, committed 57536K, reserved 1105920K
  class space    used 7211K, committed 7424K, reserved 1048576K
}
Event: 921.774 GC heap after
{Heap after GC invocations=24 (full 0):
 garbage-first heap   total 149504K, used 25540K [0x0000000083a00000, 0x0000000100000000)
  region size 1024K, 5 young (5120K), 5 survivors (5120K)
 Metaspace       used 57091K, committed 57536K, reserved 1105920K
  class space    used 7211K, committed 7424K, reserved 1048576K
}
Event: 925.751 GC heap before
{Heap before GC invocations=24 (full 0):
 garbage-first heap   total 149504K, used 109508K [0x0000000083a00000, 0x0000000100000000)
  region size 1024K, 87 young (89088K), 5 survivors (5120K)
 Metaspace       used 57095K, committed 57536K, reserved 1105920K
  class space    used 7212K, committed 7424K, reserved 1048576K
}
Event: 925.762 GC heap after
{Heap after GC invocations=25 (full 0):
 garbage-first heap   total 149504K, used 25544K [0x0000000083a00000, 0x0000000100000000)
  region size 1024K, 5 young (5120K), 5 survivors (5120K)
 Metaspace       used 57095K, committed 57536K, reserved 1105920K
  class space    used 7212K, committed 7424K, reserved 1048576K
}
Event: 929.314 GC heap before
{Heap before GC invocations=25 (full 0):
 garbage-first heap   total 149504K, used 109512K [0x0000000083a00000, 0x0000000100000000)
  region size 1024K, 87 young (89088K), 5 survivors (5120K)
 Metaspace       used 57098K, committed 57536K, reserved 1105920K
  class space    used 7212K, committed 7424K, reserved 1048576K
}
Event: 929.323 GC heap after
{Heap after GC invocations=26 (full 0):
 garbage-first heap   total 149504K, used 25545K [0x0000000083a00000, 0x0000000100000000)
  region size 1024K, 5 young (5120K), 5 survivors (5120K)
 Metaspace       used 57098K, committed 57536K, reserved 1105920K
  class space    used 7212K, committed 7424K, reserved 1048576K
}
Event: 933.422 GC heap before
{Heap before GC invocations=26 (full 0):
 garbage-first heap   total 149504K, used 109513K [0x0000000083a00000, 0x0000000100000000)
  region size 1024K, 87 young (89088K), 5 survivors (5120K)
 Metaspace       used 57098K, committed 57536K, reserved 1105920K
  class space    used 7212K, committed 7424K, reserved 1048576K
}
Event: 933.427 GC heap after
{Heap after GC invocations=27 (full 0):
 garbage-first heap   total 149504K, used 25956K [0x0000000083a00000, 0x0000000100000000)
  region size 1024K, 5 young (5120K), 5 survivors (5120K)
 Metaspace       used 57098K, committed 57536K, reserved 1105920K
  class space    used 7212K, committed 7424K, reserved 1048576K
}
Event: 937.742 GC heap before
{Heap before GC invocations=27 (full 0):
 garbage-first heap   total 149504K, used 109924K [0x0000000083a00000, 0x0000000100000000)
  region size 1024K, 87 young (89088K), 5 survivors (5120K)
 Metaspace       used 57100K, committed 57536K, reserved 1105920K
  class space    used 7212K, committed 7424K, reserved 1048576K
}
Event: 937.747 GC heap after
{Heap after GC invocations=28 (full 0):
 garbage-first heap   total 149504K, used 25751K [0x0000000083a00000, 0x0000000100000000)
  region size 1024K, 5 young (5120K), 5 survivors (5120K)
 Metaspace       used 57100K, committed 57536K, reserved 1105920K
  class space    used 7212K, committed 7424K, reserved 1048576K
}
Event: 941.983 GC heap before
{Heap before GC invocations=28 (full 0):
 garbage-first heap   total 149504K, used 109719K [0x0000000083a00000, 0x0000000100000000)
  region size 1024K, 87 young (89088K), 5 survivors (5120K)
 Metaspace       used 57101K, committed 57536K, reserved 1105920K
  class space    used 7212K, committed 7424K, reserved 1048576K
}
Event: 941.990 GC heap after
{Heap after GC invocations=29 (full 0):
 garbage-first heap   total 149504K, used 25750K [0x0000000083a00000, 0x0000000100000000)
  region size 1024K, 5 young (5120K), 5 survivors (5120K)
 Metaspace       used 57101K, committed 57536K, reserved 1105920K
  class space    used 7212K, committed 7424K, reserved 1048576K
}
Event: 945.944 GC heap before
{Heap before GC invocations=29 (full 0):
 garbage-first heap   total 149504K, used 109718K [0x0000000083a00000, 0x0000000100000000)
  region size 1024K, 87 young (89088K), 5 survivors (5120K)
 Metaspace       used 57104K, committed 57536K, reserved 1105920K
  class space    used 7212K, committed 7424K, reserved 1048576K
}
Event: 945.949 GC heap after
{Heap after GC invocations=30 (full 0):
 garbage-first heap   total 149504K, used 25545K [0x0000000083a00000, 0x0000000100000000)
  region size 1024K, 5 young (5120K), 5 survivors (5120K)
 Metaspace       used 57104K, committed 57536K, reserved 1105920K
  class space    used 7212K, committed 7424K, reserved 1048576K
}
Event: 951.276 GC heap before
{Heap before GC invocations=30 (full 0):
 garbage-first heap   total 149504K, used 109513K [0x0000000083a00000, 0x0000000100000000)
  region size 1024K, 87 young (89088K), 5 survivors (5120K)
 Metaspace       used 57108K, committed 57536K, reserved 1105920K
  class space    used 7212K, committed 7424K, reserved 1048576K
}
Event: 951.281 GC heap after
{Heap after GC invocations=31 (full 0):
 garbage-first heap   total 149504K, used 25691K [0x0000000083a00000, 0x0000000100000000)
  region size 1024K, 2 young (2048K), 2 survivors (2048K)
 Metaspace       used 57108K, committed 57536K, reserved 1105920K
  class space    used 7212K, committed 7424K, reserved 1048576K
}
Event: 961.072 GC heap before
{Heap before GC invocations=31 (full 0):
 garbage-first heap   total 149504K, used 112731K [0x0000000083a00000, 0x0000000100000000)
  region size 1024K, 87 young (89088K), 2 survivors (2048K)
 Metaspace       used 57122K, committed 57536K, reserved 1105920K
  class space    used 7212K, committed 7424K, reserved 1048576K
}
Event: 961.077 GC heap after
{Heap after GC invocations=32 (full 0):
 garbage-first heap   total 149504K, used 25844K [0x0000000083a00000, 0x0000000100000000)
  region size 1024K, 1 young (1024K), 1 survivors (1024K)
 Metaspace       used 57122K, committed 57536K, reserved 1105920K
  class space    used 7212K, committed 7424K, reserved 1048576K
}
Event: 963.305 GC heap before
{Heap before GC invocations=32 (full 0):
 garbage-first heap   total 149504K, used 113908K [0x0000000083a00000, 0x0000000100000000)
  region size 1024K, 87 young (89088K), 1 survivors (1024K)
 Metaspace       used 57122K, committed 57536K, reserved 1105920K
  class space    used 7212K, committed 7424K, reserved 1048576K
}
Event: 963.306 GC heap after
{Heap after GC invocations=33 (full 0):
 garbage-first heap   total 149504K, used 25917K [0x0000000083a00000, 0x0000000100000000)
  region size 1024K, 1 young (1024K), 1 survivors (1024K)
 Metaspace       used 57122K, committed 57536K, reserved 1105920K
  class space    used 7212K, committed 7424K, reserved 1048576K
}

